client-src/build/intermediates/manifest_merge_blame_file/debug/manifest-merger-blame-debug-report.txt
1<?xml version="1.0" encoding="utf-8"?>
2<manifest xmlns:android="http://schemas.android.com/apk/res/android"
3    package="com.androhub"
4    android:versionCode="1"
5    android:versionName="1.0" >
6
7    <uses-sdk
8        android:minSdkVersion="3"
8-->androhub/client-src/AndroidManifest.xml
9        android:targetSdkVersion="3" />
9-->androhub/client-src/AndroidManifest.xml
10
11    <uses-permission android:name="android.permission.INTERNET" />
11-->androhub/client-src/AndroidManifest.xml:7:5-67
11-->androhub/client-src/AndroidManifest.xml:7:22-64
12
13    <supports-screens
13-->androhub/client-src/AndroidManifest.xml:9:5-13:37
14        android:anyDensity="true"
14-->androhub/client-src/AndroidManifest.xml:13:9-34
15        android:largeScreens="true"
15-->androhub/client-src/AndroidManifest.xml:12:9-36
16        android:normalScreens="true"
16-->androhub/client-src/AndroidManifest.xml:11:9-37
17        android:smallScreens="true" />
17-->androhub/client-src/AndroidManifest.xml:10:9-36
18
19    <application
19-->androhub/client-src/AndroidManifest.xml:15:5-37:19
20        android:debuggable="true"
21        android:label="AndroHub" >
21-->androhub/client-src/AndroidManifest.xml:15:18-42
22        <activity
22-->androhub/client-src/AndroidManifest.xml:17:9-24:20
23            android:name="com.androhub.MainActivity"
23-->androhub/client-src/AndroidManifest.xml:18:13-41
24            android:label="AndroHub" >
24-->androhub/client-src/AndroidManifest.xml:19:13-37
25            <intent-filter>
25-->androhub/client-src/AndroidManifest.xml:20:13-23:29
26                <action android:name="android.intent.action.MAIN" />
26-->androhub/client-src/AndroidManifest.xml:21:17-69
26-->androhub/client-src/AndroidManifest.xml:21:25-66
27
28                <category android:name="android.intent.category.LAUNCHER" />
28-->androhub/client-src/AndroidManifest.xml:22:17-77
28-->androhub/client-src/AndroidManifest.xml:22:27-74
29            </intent-filter>
30        </activity>
31        <activity
31-->androhub/client-src/AndroidManifest.xml:25:9-27:36
32            android:name="com.androhub.MainPage"
32-->androhub/client-src/AndroidManifest.xml:26:13-37
33            android:label="Home" />
33-->androhub/client-src/AndroidManifest.xml:27:13-33
34        <activity
34-->androhub/client-src/AndroidManifest.xml:28:9-30:43
35            android:name="com.androhub.ReposActivity"
35-->androhub/client-src/AndroidManifest.xml:29:13-42
36            android:label="Repositorys" />
36-->androhub/client-src/AndroidManifest.xml:30:13-40
37        <activity
37-->androhub/client-src/AndroidManifest.xml:31:9-33:41
38            android:name="com.androhub.WorkTree"
38-->androhub/client-src/AndroidManifest.xml:32:13-37
39            android:label="Work tree" />
39-->androhub/client-src/AndroidManifest.xml:33:13-38
40        <activity
40-->androhub/client-src/AndroidManifest.xml:34:9-36:41
41            android:name="com.androhub.ViewFile"
41-->androhub/client-src/AndroidManifest.xml:35:13-37
42            android:label="View file" />
42-->androhub/client-src/AndroidManifest.xml:36:13-38
43    </application>
44
45</manifest>